INFO	[2014-03-19 02:55:03:195] <2920> ===============================================================
INFO	[2014-03-19 02:55:03:195] <2920> START AgsPay40 php (OS:Linux3.11.0-12-generic,PHP:5.5.3-1ubuntu2.1)
INFO	[2014-03-19 02:55:03:195] <2920> hp Pay Start!
INFO	[2014-03-19 02:55:03:195] <2920> AgsPayHome:/home/lww/workspace/ws/wp-content/plugins/allthegate
INFO	[2014-03-19 02:55:03:195] <2920> log:true
INFO	[2014-03-19 02:55:03:195] <2920> logLevel:INFO
INFO	[2014-03-19 02:55:03:195] <2920> UseNetCancel:true
INFO	[2014-03-19 02:55:03:195] <2920> Type:Pay
INFO	[2014-03-19 02:55:03:196] <2920> RecvLen:7
INFO	[2014-03-19 02:55:03:196] <2920> UserIp:127.0.0.1
INFO	[2014-03-19 02:55:03:196] <2920> StoreId:atgshop
INFO	[2014-03-19 02:55:03:196] <2920> OrdNo:34b44166b863064ac491e748b08c70c0
INFO	[2014-03-19 02:55:03:196] <2920> Amt:10000
INFO	[2014-03-19 02:55:03:196] <2920> ProdNm:일시 후원
INFO	[2014-03-19 02:55:03:196] <2920> MallUrl:http://local.workerssolidarity.org
INFO	[2014-03-19 02:55:03:196] <2920> UserEmail:(입력 안함)
INFO	[2014-03-19 02:55:03:196] <2920> UserId:(입력 안함)
INFO	[2014-03-19 02:55:03:196] <2920> OrdNm:(입력 안함)
INFO	[2014-03-19 02:55:03:196] <2920> OrdPhone:(입력 안함)
INFO	[2014-03-19 02:55:03:197] <2920> OrdAddr:(입력 안함)
INFO	[2014-03-19 02:55:03:197] <2920> RcpNm:(입력 안함)
INFO	[2014-03-19 02:55:03:197] <2920> RcpPhone:(입력 안함)
INFO	[2014-03-19 02:55:03:197] <2920> DlvAddr:(입력 안함)
INFO	[2014-03-19 02:55:03:197] <2920> Remark:
INFO	[2014-03-19 02:55:03:197] <2920> HP_ID:9010S13166
INFO	[2014-03-19 02:55:03:197] <2920> HP_SUBID:S0CRE00371
INFO	[2014-03-19 02:55:03:197] <2920> HP_UNITType:2
INFO	[2014-03-19 02:55:03:197] <2920> MallPage:N/A
INFO	[2014-03-19 02:55:03:197] <2920> VIRTUAL_DEPODT:
INFO	[2014-03-19 02:55:03:198] <2920> AuthTy:hp
INFO	[2014-03-19 02:55:03:198] <2920> SubTy:EReport
INFO	[2014-03-19 02:55:03:198] <2920> DeviId:9000400001
INFO	[2014-03-19 02:55:03:198] <2920> AuthYn:N;221.146.166.61
INFO	[2014-03-19 02:55:03:198] <2920> Instmt:
INFO	[2014-03-19 02:55:03:198] <2920> partial_mm:
INFO	[2014-03-19 02:55:03:198] <2920> noIntMonth:
INFO	[2014-03-19 02:55:03:198] <2920> KVP_CURRENCY:WON
INFO	[2014-03-19 02:55:03:198] <2920> KVP_CARDCODE:
INFO	[2014-03-19 02:55:03:198] <2920> KVP_SESSIONKEY:
INFO	[2014-03-19 02:55:03:198] <2920> KVP_ENCDATA:
INFO	[2014-03-19 02:55:03:198] <2920> KVP_CONAME:
INFO	[2014-03-19 02:55:03:199] <2920> KVP_NOINT:
INFO	[2014-03-19 02:55:03:199] <2920> KVP_QUOTA:
INFO	[2014-03-19 02:55:03:199] <2920> CardNo:
INFO	[2014-03-19 02:55:03:199] <2920> MPI_CAVV:
INFO	[2014-03-19 02:55:03:199] <2920> MPI_ECI:
INFO	[2014-03-19 02:55:03:199] <2920> MPI_MD64:
INFO	[2014-03-19 02:55:03:199] <2920> ExpMon:
INFO	[2014-03-19 02:55:03:199] <2920> ExpYear:
INFO	[2014-03-19 02:55:03:199] <2920> Passwd:
INFO	[2014-03-19 02:55:03:199] <2920> SocId:
INFO	[2014-03-19 02:55:03:199] <2920> ICHE_OUTBANKNAME:
INFO	[2014-03-19 02:55:03:200] <2920> ICHE_OUTACCTNO:
INFO	[2014-03-19 02:55:03:200] <2920> ICHE_OUTBANKMASTER:
INFO	[2014-03-19 02:55:03:200] <2920> ICHE_AMOUNT:
INFO	[2014-03-19 02:55:03:200] <2920> HP_SERVERINFO:23fe996914129addce8bdb2a9ba1381198c6d17bab6dfe0548c0f543c0843f00e948ccdd22169691695fd54d2607be99449f30b924da494a88c3980a52f9b0be
INFO	[2014-03-19 02:55:03:200] <2920> HP_HANDPHONE:01047894202
INFO	[2014-03-19 02:55:03:200] <2920> HP_COMPANY:SKT
INFO	[2014-03-19 02:55:03:200] <2920> HP_IDEN:8810041853421
INFO	[2014-03-19 02:55:03:200] <2920> HP_IPADDR:10.0.2.15;N
INFO	[2014-03-19 02:55:03:200] <2920> ARS_PHONE:
INFO	[2014-03-19 02:55:03:200] <2920> ARS_NAME:
INFO	[2014-03-19 02:55:03:200] <2920> ZuminCode:
INFO	[2014-03-19 02:55:03:201] <2920> VIRTUAL_CENTERCD:99
INFO	[2014-03-19 02:55:03:201] <2920> VIRTUAL_NO:
INFO	[2014-03-19 02:55:03:201] <2920> ES_SENDNO:
INFO	[2014-03-19 02:55:03:201] <2920> ICHE_SOCKETYN:Y
INFO	[2014-03-19 02:55:03:201] <2920> ICHE_POSMTID:
INFO	[2014-03-19 02:55:03:201] <2920> ICHE_FNBCMTID:
INFO	[2014-03-19 02:55:03:201] <2920> ICHE_APTRTS:
INFO	[2014-03-19 02:55:03:201] <2920> ICHE_REMARK1:
INFO	[2014-03-19 02:55:03:201] <2920> ICHE_REMARK2:
INFO	[2014-03-19 02:55:03:202] <2920> ICHE_ECWYN:
INFO	[2014-03-19 02:55:03:202] <2920> ICHE_ECWID:
INFO	[2014-03-19 02:55:03:202] <2920> ICHE_ECWAMT1:
INFO	[2014-03-19 02:55:03:202] <2920> ICHE_ECWAMT2:
INFO	[2014-03-19 02:55:03:202] <2920> ICHE_CASHYN:N
INFO	[2014-03-19 02:55:03:202] <2920> ICHE_CASHGUBUN_CD:
INFO	[2014-03-19 02:55:03:202] <2920> ICHE_CASHID_NO:
INFO	[2014-03-19 02:55:03:202] <2920> ICHEARS_SOCKETYN:Y
INFO	[2014-03-19 02:55:03:202] <2920> ICHEARS_ADMNO:
INFO	[2014-03-19 02:55:03:202] <2920> ICHEARS_POSMTID:
INFO	[2014-03-19 02:55:03:202] <2920> ICHEARS_CENTERCD:
INFO	[2014-03-19 02:55:03:203] <2920> ICHEARS_HPNO:
INFO	[2014-03-19 02:55:03:203] <2920> Make NetCancel ID Start
INFO	[2014-03-19 02:55:03:203] <2920> AEGIS_HPP_atgshop_20140319025503203477
INFO	[2014-03-19 02:55:03:203] <2920> Make NetCancel ID End
INFO	[2014-03-19 02:55:03:203] <2920> Make NetCancelID OK
INFO	[2014-03-19 02:55:03:203] <2920> Make Msg Start
INFO	[2014-03-19 02:55:03:203] <2920> hp Make MSG OK 
INFO	[2014-03-19 02:55:03:203] <2920> Make Msg End
INFO	[2014-03-19 02:55:03:204] <2920> Make Pay Msg OK
INFO	[2014-03-19 02:55:03:204] <2920> Send & Recv Msg Start
INFO	[2014-03-19 02:55:03:204] <2920> Send Data To PG Start [ 
INFO	[2014-03-19 02:55:03:204] <2920> 0:000321hBill
INFO	[2014-03-19 02:55:03:204] <2920> 1:atgshop
INFO	[2014-03-19 02:55:03:204] <2920> 2:23fe996914129addce8bdb2a9ba1381198c6d17bab6dfe0548c0f543c0843f00e948ccdd22169691695fd54d2607be99449f30b924da494a88c3980a52f9b0be
INFO	[2014-03-19 02:55:03:204] <2920> 3:9010S13166
INFO	[2014-03-19 02:55:03:204] <2920> 4:S0CRE00371
INFO	[2014-03-19 02:55:03:204] <2920> 5:34b44166b863064ac491e748b08c70c0
INFO	[2014-03-19 02:55:03:204] <2920> 6:10000
INFO	[2014-03-19 02:55:03:204] <2920> 7:2
INFO	[2014-03-19 02:55:03:204] <2920> 8:01047894202
INFO	[2014-03-19 02:55:03:204] <2920> 9:SKT
INFO	[2014-03-19 02:55:03:204] <2920> 10:8810041853421
INFO	[2014-03-19 02:55:03:204] <2920> 11:(입력 안함)
INFO	[2014-03-19 02:55:03:204] <2920> 12:(입력 안함)
INFO	[2014-03-19 02:55:03:204] <2920> 13:10.0.2.15;N
INFO	[2014-03-19 02:55:03:204] <2920> 14:일시 후원
INFO	[2014-03-19 02:55:03:204] <2920> 15:AEGIS_HPP_atgshop_20140319025503203477
INFO	[2014-03-19 02:55:03:204] <2920> 16:
INFO	[2014-03-19 02:55:03:204] <2920> ] Send Data To PG End 
INFO	[2014-03-19 02:55:03:205] <2920> SendMsg : [000321hBill|atgshop|23fe996914129addce8bdb2a9ba1381198c6d17bab6dfe0548c0f543c0843f00e948ccdd22169691695fd54d2607be99449f30b924da494a88c3980a52f9b0be|9010S13166|S0CRE00371|34b44166b863064ac491e748b08c70c0|10000|2|01047894202|SKT|8810041853421|(입력 안함)|(입력 안함)|10.0.2.15;N|일시 후원|AEGIS_HPP_atgshop_20140319025503203477|]
INFO	[2014-03-19 02:55:03:205] <2920> Connect IP:[220.85.12.3] Port:[29760]
INFO	[2014-03-19 02:55:03:211] <2920> Socket Open OK
INFO	[2014-03-19 02:55:03:797] <2920> RecvMsg Length : [000059]
INFO	[2014-03-19 02:55:03:797] <2920> RecvMsg : [atgshop|y|No Information|20140319115500|031911544410222240|]
INFO	[2014-03-19 02:55:03:797] <2920> Socket Close OK
INFO	[2014-03-19 02:55:03:798] <2920> RecvMsg Length Check OK
INFO	[2014-03-19 02:55:03:798] <2920> Send & Recv Msg End
INFO	[2014-03-19 02:55:03:798] <2920> Send & Recv Msg OK
INFO	[2014-03-19 02:55:03:798] <2920> Parse Msg Start
INFO	[2014-03-19 02:55:03:798] <2920> hp RECV MSG Parsing OK 
INFO	[2014-03-19 02:55:03:798] <2920> Parse Msg End
INFO	[2014-03-19 02:55:03:798] <2920> Msg Parsing OK
INFO	[2014-03-19 02:55:03:798] <2920> hp Pay Result Value [
INFO	[2014-03-19 02:55:03:798] <2920> NetCancID:AEGIS_HPP_atgshop_20140319025503203477
INFO	[2014-03-19 02:55:03:798] <2920> rStoreId:atgshop
INFO	[2014-03-19 02:55:03:799] <2920> rSuccYn:y
INFO	[2014-03-19 02:55:03:799] <2920> rResMsg:No Information
INFO	[2014-03-19 02:55:03:799] <2920> rHP_DATE:20140319115500
INFO	[2014-03-19 02:55:03:799] <2920> rHP_TID:031911544410222240
INFO	[2014-03-19 02:55:03:799] <2920> rAmt:10000
INFO	[2014-03-19 02:55:03:799] <2920> rOrdNo:34b44166b863064ac491e748b08c70c0
INFO	[2014-03-19 02:55:03:799] <2920> rProdNm:일시 후원
INFO	[2014-03-19 02:55:03:799] <2920> ]
INFO	[2014-03-19 02:55:03:799] <2920> END Pay No Information Transaction time:[0.605sec]
INFO	[2014-03-19 02:55:03:799] <2920> ===============================================================
