INFO	[2014-03-14 06:28:33:101] <3311> ===============================================================
INFO	[2014-03-14 06:28:33:101] <3311> START AgsPay40 php (OS:Linux3.11.0-12-generic,PHP:5.5.3-1ubuntu2.1)
INFO	[2014-03-14 06:28:33:102] <3311> h Pay Start!
INFO	[2014-03-14 06:28:33:102] <3311> AgsPayHome:/home/lww/workspace/ws/wp-content/plugins/allthegate
INFO	[2014-03-14 06:28:33:102] <3311> log:true
INFO	[2014-03-14 06:28:33:102] <3311> logLevel:INFO
INFO	[2014-03-14 06:28:33:102] <3311> UseNetCancel:true
INFO	[2014-03-14 06:28:33:102] <3311> Type:Pay
INFO	[2014-03-14 06:28:33:102] <3311> RecvLen:7
INFO	[2014-03-14 06:28:33:102] <3311> UserIp:127.0.0.1
INFO	[2014-03-14 06:28:33:102] <3311> StoreId:a
INFO	[2014-03-14 06:28:33:103] <3311> OrdNo:f
INFO	[2014-03-14 06:28:33:103] <3311> Amt:7
INFO	[2014-03-14 06:28:33:103] <3311> ProdNm:
INFO	[2014-03-14 06:28:33:103] <3311> MallUrl:h
INFO	[2014-03-14 06:28:33:103] <3311> UserEmail:g
INFO	[2014-03-14 06:28:33:103] <3311> UserId:
INFO	[2014-03-14 06:28:33:103] <3311> OrdNm:
INFO	[2014-03-14 06:28:33:103] <3311> OrdPhone:0
INFO	[2014-03-14 06:28:33:103] <3311> OrdAddr:6
INFO	[2014-03-14 06:28:33:103] <3311> RcpNm:
INFO	[2014-03-14 06:28:33:104] <3311> RcpPhone:0
INFO	[2014-03-14 06:28:33:104] <3311> DlvAddr:6
INFO	[2014-03-14 06:28:33:104] <3311> Remark:b
INFO	[2014-03-14 06:28:33:104] <3311> HP_ID:9
INFO	[2014-03-14 06:28:33:104] <3311> HP_SUBID:S
INFO	[2014-03-14 06:28:33:104] <3311> HP_UNITType:2
INFO	[2014-03-14 06:28:33:104] <3311> MallPage:h
INFO	[2014-03-14 06:28:33:104] <3311> VIRTUAL_DEPODT:
INFO	[2014-03-14 06:28:33:104] <3311> AuthTy:h
INFO	[2014-03-14 06:28:33:105] <3311> SubTy:E
INFO	[2014-03-14 06:28:33:105] <3311> DeviId:9
INFO	[2014-03-14 06:28:33:105] <3311> AuthYn:N
INFO	[2014-03-14 06:28:33:105] <3311> Instmt:
INFO	[2014-03-14 06:28:33:105] <3311> partial_mm:
INFO	[2014-03-14 06:28:33:105] <3311> noIntMonth:
INFO	[2014-03-14 06:28:33:105] <3311> KVP_CURRENCY:W
INFO	[2014-03-14 06:28:33:105] <3311> KVP_CARDCODE:
INFO	[2014-03-14 06:28:33:105] <3311> KVP_SESSIONKEY:
INFO	[2014-03-14 06:28:33:105] <3311> KVP_ENCDATA:
INFO	[2014-03-14 06:28:33:106] <3311> KVP_CONAME:
INFO	[2014-03-14 06:28:33:106] <3311> KVP_NOINT:
INFO	[2014-03-14 06:28:33:106] <3311> KVP_QUOTA:
INFO	[2014-03-14 06:28:33:106] <3311> CardNo:
INFO	[2014-03-14 06:28:33:106] <3311> MPI_CAVV:
INFO	[2014-03-14 06:28:33:106] <3311> MPI_ECI:
INFO	[2014-03-14 06:28:33:106] <3311> MPI_MD64:
INFO	[2014-03-14 06:28:33:106] <3311> ExpMon:
INFO	[2014-03-14 06:28:33:106] <3311> ExpYear:
INFO	[2014-03-14 06:28:33:106] <3311> Passwd:
INFO	[2014-03-14 06:28:33:107] <3311> SocId:
INFO	[2014-03-14 06:28:33:107] <3311> ICHE_OUTBANKNAME:
INFO	[2014-03-14 06:28:33:107] <3311> ICHE_OUTACCTNO:
INFO	[2014-03-14 06:28:33:107] <3311> ICHE_OUTBANKMASTER:
INFO	[2014-03-14 06:28:33:107] <3311> ICHE_AMOUNT:
INFO	[2014-03-14 06:28:33:107] <3311> HP_SERVERINFO:2
INFO	[2014-03-14 06:28:33:107] <3311> HP_HANDPHONE:0
INFO	[2014-03-14 06:28:33:107] <3311> HP_COMPANY:S
INFO	[2014-03-14 06:28:33:107] <3311> HP_IDEN:8
INFO	[2014-03-14 06:28:33:107] <3311> HP_IPADDR:1
INFO	[2014-03-14 06:28:33:107] <3311> ARS_PHONE:
INFO	[2014-03-14 06:28:33:108] <3311> ARS_NAME:
INFO	[2014-03-14 06:28:33:108] <3311> ZuminCode:
INFO	[2014-03-14 06:28:33:108] <3311> VIRTUAL_CENTERCD:9
INFO	[2014-03-14 06:28:33:108] <3311> VIRTUAL_NO:
INFO	[2014-03-14 06:28:33:108] <3311> ES_SENDNO:
INFO	[2014-03-14 06:28:33:108] <3311> ICHE_SOCKETYN:Y
INFO	[2014-03-14 06:28:33:108] <3311> ICHE_POSMTID:
INFO	[2014-03-14 06:28:33:108] <3311> ICHE_FNBCMTID:
INFO	[2014-03-14 06:28:33:108] <3311> ICHE_APTRTS:
INFO	[2014-03-14 06:28:33:108] <3311> ICHE_REMARK1:
INFO	[2014-03-14 06:28:33:108] <3311> ICHE_REMARK2:
INFO	[2014-03-14 06:28:33:108] <3311> ICHE_ECWYN:
INFO	[2014-03-14 06:28:33:108] <3311> ICHE_ECWID:
INFO	[2014-03-14 06:28:33:108] <3311> ICHE_ECWAMT1:
INFO	[2014-03-14 06:28:33:108] <3311> ICHE_ECWAMT2:
INFO	[2014-03-14 06:28:33:108] <3311> ICHE_CASHYN:N
INFO	[2014-03-14 06:28:33:108] <3311> ICHE_CASHGUBUN_CD:
INFO	[2014-03-14 06:28:33:109] <3311> ICHE_CASHID_NO:
INFO	[2014-03-14 06:28:33:109] <3311> ICHEARS_SOCKETYN:Y
INFO	[2014-03-14 06:28:33:109] <3311> ICHEARS_ADMNO:
INFO	[2014-03-14 06:28:33:109] <3311> ICHEARS_POSMTID:
INFO	[2014-03-14 06:28:33:109] <3311> ICHEARS_CENTERCD:
INFO	[2014-03-14 06:28:33:109] <3311> ICHEARS_HPNO:
INFO	[2014-03-14 06:28:33:109] <3311> h Pay Result Value [
INFO	[2014-03-14 06:28:33:109] <3311> rSuccYn:n
INFO	[2014-03-14 06:28:33:109] <3311> rResMsg:상품명 입력여부 확인요망 <br>
INFO	[2014-03-14 06:28:33:109] <3311> ]
INFO	[2014-03-14 06:28:33:109] <3311> END  상품명 입력여부 확인요망 <br> Transaction time:[0.008sec]
INFO	[2014-03-14 06:28:33:109] <3311> ===============================================================
INFO	[2014-03-14 06:36:03:627] <3548> ===============================================================
INFO	[2014-03-14 06:36:03:627] <3548> START AgsPay40 php (OS:Linux3.11.0-12-generic,PHP:5.5.3-1ubuntu2.1)
INFO	[2014-03-14 06:36:03:627] <3548> h Pay Start!
INFO	[2014-03-14 06:36:03:627] <3548> AgsPayHome:/home/lww/workspace/ws/wp-content/plugins/allthegate
INFO	[2014-03-14 06:36:03:627] <3548> log:true
INFO	[2014-03-14 06:36:03:627] <3548> logLevel:INFO
INFO	[2014-03-14 06:36:03:627] <3548> UseNetCancel:true
INFO	[2014-03-14 06:36:03:627] <3548> Type:Pay
INFO	[2014-03-14 06:36:03:627] <3548> RecvLen:7
INFO	[2014-03-14 06:36:03:627] <3548> UserIp:127.0.0.1
INFO	[2014-03-14 06:36:03:627] <3548> StoreId:a
INFO	[2014-03-14 06:36:03:627] <3548> OrdNo:f
INFO	[2014-03-14 06:36:03:627] <3548> Amt:7
INFO	[2014-03-14 06:36:03:627] <3548> ProdNm:
INFO	[2014-03-14 06:36:03:627] <3548> MallUrl:h
INFO	[2014-03-14 06:36:03:627] <3548> UserEmail:g
INFO	[2014-03-14 06:36:03:627] <3548> UserId:
INFO	[2014-03-14 06:36:03:627] <3548> OrdNm:
INFO	[2014-03-14 06:36:03:627] <3548> OrdPhone:0
INFO	[2014-03-14 06:36:03:627] <3548> OrdAddr:6
INFO	[2014-03-14 06:36:03:627] <3548> RcpNm:
INFO	[2014-03-14 06:36:03:627] <3548> RcpPhone:0
INFO	[2014-03-14 06:36:03:627] <3548> DlvAddr:6
INFO	[2014-03-14 06:36:03:627] <3548> Remark:b
INFO	[2014-03-14 06:36:03:627] <3548> HP_ID:9
INFO	[2014-03-14 06:36:03:627] <3548> HP_SUBID:S
INFO	[2014-03-14 06:36:03:627] <3548> HP_UNITType:2
INFO	[2014-03-14 06:36:03:627] <3548> MallPage:h
INFO	[2014-03-14 06:36:03:628] <3548> VIRTUAL_DEPODT:
INFO	[2014-03-14 06:36:03:628] <3548> AuthTy:h
INFO	[2014-03-14 06:36:03:628] <3548> SubTy:E
INFO	[2014-03-14 06:36:03:628] <3548> DeviId:9
INFO	[2014-03-14 06:36:03:628] <3548> AuthYn:N
INFO	[2014-03-14 06:36:03:628] <3548> Instmt:
INFO	[2014-03-14 06:36:03:628] <3548> partial_mm:
INFO	[2014-03-14 06:36:03:628] <3548> noIntMonth:
INFO	[2014-03-14 06:36:03:628] <3548> KVP_CURRENCY:W
INFO	[2014-03-14 06:36:03:628] <3548> KVP_CARDCODE:
INFO	[2014-03-14 06:36:03:628] <3548> KVP_SESSIONKEY:
INFO	[2014-03-14 06:36:03:628] <3548> KVP_ENCDATA:
INFO	[2014-03-14 06:36:03:628] <3548> KVP_CONAME:
INFO	[2014-03-14 06:36:03:628] <3548> KVP_NOINT:
INFO	[2014-03-14 06:36:03:628] <3548> KVP_QUOTA:
INFO	[2014-03-14 06:36:03:628] <3548> CardNo:
INFO	[2014-03-14 06:36:03:628] <3548> MPI_CAVV:
INFO	[2014-03-14 06:36:03:628] <3548> MPI_ECI:
INFO	[2014-03-14 06:36:03:628] <3548> MPI_MD64:
INFO	[2014-03-14 06:36:03:628] <3548> ExpMon:
INFO	[2014-03-14 06:36:03:628] <3548> ExpYear:
INFO	[2014-03-14 06:36:03:628] <3548> Passwd:
INFO	[2014-03-14 06:36:03:628] <3548> SocId:
INFO	[2014-03-14 06:36:03:628] <3548> ICHE_OUTBANKNAME:
INFO	[2014-03-14 06:36:03:628] <3548> ICHE_OUTACCTNO:
INFO	[2014-03-14 06:36:03:628] <3548> ICHE_OUTBANKMASTER:
INFO	[2014-03-14 06:36:03:628] <3548> ICHE_AMOUNT:
INFO	[2014-03-14 06:36:03:628] <3548> HP_SERVERINFO:2
INFO	[2014-03-14 06:36:03:628] <3548> HP_HANDPHONE:0
INFO	[2014-03-14 06:36:03:628] <3548> HP_COMPANY:S
INFO	[2014-03-14 06:36:03:628] <3548> HP_IDEN:8
INFO	[2014-03-14 06:36:03:628] <3548> HP_IPADDR:1
INFO	[2014-03-14 06:36:03:628] <3548> ARS_PHONE:
INFO	[2014-03-14 06:36:03:628] <3548> ARS_NAME:
INFO	[2014-03-14 06:36:03:628] <3548> ZuminCode:
INFO	[2014-03-14 06:36:03:628] <3548> VIRTUAL_CENTERCD:9
INFO	[2014-03-14 06:36:03:629] <3548> VIRTUAL_NO:
INFO	[2014-03-14 06:36:03:629] <3548> ES_SENDNO:
INFO	[2014-03-14 06:36:03:629] <3548> ICHE_SOCKETYN:Y
INFO	[2014-03-14 06:36:03:629] <3548> ICHE_POSMTID:
INFO	[2014-03-14 06:36:03:629] <3548> ICHE_FNBCMTID:
INFO	[2014-03-14 06:36:03:629] <3548> ICHE_APTRTS:
INFO	[2014-03-14 06:36:03:629] <3548> ICHE_REMARK1:
INFO	[2014-03-14 06:36:03:629] <3548> ICHE_REMARK2:
INFO	[2014-03-14 06:36:03:629] <3548> ICHE_ECWYN:
INFO	[2014-03-14 06:36:03:629] <3548> ICHE_ECWID:
INFO	[2014-03-14 06:36:03:629] <3548> ICHE_ECWAMT1:
INFO	[2014-03-14 06:36:03:629] <3548> ICHE_ECWAMT2:
INFO	[2014-03-14 06:36:03:629] <3548> ICHE_CASHYN:N
INFO	[2014-03-14 06:36:03:629] <3548> ICHE_CASHGUBUN_CD:
INFO	[2014-03-14 06:36:03:629] <3548> ICHE_CASHID_NO:
INFO	[2014-03-14 06:36:03:629] <3548> ICHEARS_SOCKETYN:Y
INFO	[2014-03-14 06:36:03:629] <3548> ICHEARS_ADMNO:
INFO	[2014-03-14 06:36:03:629] <3548> ICHEARS_POSMTID:
INFO	[2014-03-14 06:36:03:629] <3548> ICHEARS_CENTERCD:
INFO	[2014-03-14 06:36:03:629] <3548> ICHEARS_HPNO:
INFO	[2014-03-14 06:36:03:629] <3548> h Pay Result Value [
INFO	[2014-03-14 06:36:03:629] <3548> rSuccYn:n
INFO	[2014-03-14 06:36:03:629] <3548> rResMsg:상품명 입력여부 확인요망 <br>
INFO	[2014-03-14 06:36:03:629] <3548> ]
INFO	[2014-03-14 06:36:03:629] <3548> END Pay 상품명 입력여부 확인요망 <br> Transaction time:[0.003sec]
INFO	[2014-03-14 06:36:03:629] <3548> ===============================================================
INFO	[2014-03-14 06:37:37:323] <3579> ===============================================================
INFO	[2014-03-14 06:37:37:323] <3579> START AgsPay40 php (OS:Linux3.11.0-12-generic,PHP:5.5.3-1ubuntu2.1)
INFO	[2014-03-14 06:37:37:324] <3579> h Pay Start!
INFO	[2014-03-14 06:37:37:324] <3579> AgsPayHome:/home/lww/workspace/ws/wp-content/plugins/allthegate
INFO	[2014-03-14 06:37:37:324] <3579> log:true
INFO	[2014-03-14 06:37:37:324] <3579> logLevel:INFO
INFO	[2014-03-14 06:37:37:324] <3579> UseNetCancel:true
INFO	[2014-03-14 06:37:37:324] <3579> Type:Pay
INFO	[2014-03-14 06:37:37:324] <3579> RecvLen:7
INFO	[2014-03-14 06:37:37:324] <3579> UserIp:127.0.0.1
INFO	[2014-03-14 06:37:37:325] <3579> StoreId:a
INFO	[2014-03-14 06:37:37:325] <3579> OrdNo:f
INFO	[2014-03-14 06:37:37:325] <3579> Amt:7
INFO	[2014-03-14 06:37:37:325] <3579> ProdNm:
INFO	[2014-03-14 06:37:37:325] <3579> MallUrl:h
INFO	[2014-03-14 06:37:37:325] <3579> UserEmail:g
INFO	[2014-03-14 06:37:37:325] <3579> UserId:
INFO	[2014-03-14 06:37:37:325] <3579> OrdNm:
INFO	[2014-03-14 06:37:37:325] <3579> OrdPhone:0
INFO	[2014-03-14 06:37:37:326] <3579> OrdAddr:6
INFO	[2014-03-14 06:37:37:326] <3579> RcpNm:
INFO	[2014-03-14 06:37:37:326] <3579> RcpPhone:0
INFO	[2014-03-14 06:37:37:326] <3579> DlvAddr:6
INFO	[2014-03-14 06:37:37:326] <3579> Remark:b
INFO	[2014-03-14 06:37:37:326] <3579> HP_ID:9
INFO	[2014-03-14 06:37:37:326] <3579> HP_SUBID:S
INFO	[2014-03-14 06:37:37:326] <3579> HP_UNITType:2
INFO	[2014-03-14 06:37:37:326] <3579> MallPage:h
INFO	[2014-03-14 06:37:37:326] <3579> VIRTUAL_DEPODT:
INFO	[2014-03-14 06:37:37:327] <3579> AuthTy:h
INFO	[2014-03-14 06:37:37:327] <3579> SubTy:E
INFO	[2014-03-14 06:37:37:327] <3579> DeviId:9
INFO	[2014-03-14 06:37:37:327] <3579> AuthYn:N
INFO	[2014-03-14 06:37:37:327] <3579> Instmt:
INFO	[2014-03-14 06:37:37:327] <3579> partial_mm:
INFO	[2014-03-14 06:37:37:327] <3579> noIntMonth:
INFO	[2014-03-14 06:37:37:327] <3579> KVP_CURRENCY:W
INFO	[2014-03-14 06:37:37:327] <3579> KVP_CARDCODE:
INFO	[2014-03-14 06:37:37:327] <3579> KVP_SESSIONKEY:
INFO	[2014-03-14 06:37:37:328] <3579> KVP_ENCDATA:
INFO	[2014-03-14 06:37:37:328] <3579> KVP_CONAME:
INFO	[2014-03-14 06:37:37:328] <3579> KVP_NOINT:
INFO	[2014-03-14 06:37:37:328] <3579> KVP_QUOTA:
INFO	[2014-03-14 06:37:37:328] <3579> CardNo:
INFO	[2014-03-14 06:37:37:328] <3579> MPI_CAVV:
INFO	[2014-03-14 06:37:37:328] <3579> MPI_ECI:
INFO	[2014-03-14 06:37:37:328] <3579> MPI_MD64:
INFO	[2014-03-14 06:37:37:328] <3579> ExpMon:
INFO	[2014-03-14 06:37:37:329] <3579> ExpYear:
INFO	[2014-03-14 06:37:37:329] <3579> Passwd:
INFO	[2014-03-14 06:37:37:329] <3579> SocId:
INFO	[2014-03-14 06:37:37:329] <3579> ICHE_OUTBANKNAME:
INFO	[2014-03-14 06:37:37:329] <3579> ICHE_OUTACCTNO:
INFO	[2014-03-14 06:37:37:329] <3579> ICHE_OUTBANKMASTER:
INFO	[2014-03-14 06:37:37:329] <3579> ICHE_AMOUNT:
INFO	[2014-03-14 06:37:37:329] <3579> HP_SERVERINFO:2
INFO	[2014-03-14 06:37:37:329] <3579> HP_HANDPHONE:0
INFO	[2014-03-14 06:37:37:330] <3579> HP_COMPANY:S
INFO	[2014-03-14 06:37:37:330] <3579> HP_IDEN:8
INFO	[2014-03-14 06:37:37:330] <3579> HP_IPADDR:1
INFO	[2014-03-14 06:37:37:330] <3579> ARS_PHONE:
INFO	[2014-03-14 06:37:37:330] <3579> ARS_NAME:
INFO	[2014-03-14 06:37:37:330] <3579> ZuminCode:
INFO	[2014-03-14 06:37:37:330] <3579> VIRTUAL_CENTERCD:9
INFO	[2014-03-14 06:37:37:330] <3579> VIRTUAL_NO:
INFO	[2014-03-14 06:37:37:330] <3579> ES_SENDNO:
INFO	[2014-03-14 06:37:37:330] <3579> ICHE_SOCKETYN:Y
INFO	[2014-03-14 06:37:37:331] <3579> ICHE_POSMTID:
INFO	[2014-03-14 06:37:37:331] <3579> ICHE_FNBCMTID:
INFO	[2014-03-14 06:37:37:331] <3579> ICHE_APTRTS:
INFO	[2014-03-14 06:37:37:331] <3579> ICHE_REMARK1:
INFO	[2014-03-14 06:37:37:331] <3579> ICHE_REMARK2:
INFO	[2014-03-14 06:37:37:331] <3579> ICHE_ECWYN:
INFO	[2014-03-14 06:37:37:331] <3579> ICHE_ECWID:
INFO	[2014-03-14 06:37:37:331] <3579> ICHE_ECWAMT1:
INFO	[2014-03-14 06:37:37:331] <3579> ICHE_ECWAMT2:
INFO	[2014-03-14 06:37:37:331] <3579> ICHE_CASHYN:N
INFO	[2014-03-14 06:37:37:332] <3579> ICHE_CASHGUBUN_CD:
INFO	[2014-03-14 06:37:37:332] <3579> ICHE_CASHID_NO:
INFO	[2014-03-14 06:37:37:332] <3579> ICHEARS_SOCKETYN:Y
INFO	[2014-03-14 06:37:37:332] <3579> ICHEARS_ADMNO:
INFO	[2014-03-14 06:37:37:332] <3579> ICHEARS_POSMTID:
INFO	[2014-03-14 06:37:37:332] <3579> ICHEARS_CENTERCD:
INFO	[2014-03-14 06:37:37:332] <3579> ICHEARS_HPNO:
INFO	[2014-03-14 06:37:37:332] <3579> h Pay Result Value [
INFO	[2014-03-14 06:37:37:332] <3579> rSuccYn:n
INFO	[2014-03-14 06:37:37:332] <3579> rResMsg:상품명 입력여부 확인요망 <br>
INFO	[2014-03-14 06:37:37:332] <3579> ]
INFO	[2014-03-14 06:37:37:332] <3579> END Pay 상품명 입력여부 확인요망 <br> Transaction time:[0.01sec]
INFO	[2014-03-14 06:37:37:332] <3579> ===============================================================
INFO	[2014-03-14 06:39:25:195] <3548> ===============================================================
INFO	[2014-03-14 06:39:25:196] <3548> START AgsPay40 php (OS:Linux3.11.0-12-generic,PHP:5.5.3-1ubuntu2.1)
INFO	[2014-03-14 06:39:25:196] <3548> h Pay Start!
INFO	[2014-03-14 06:39:25:196] <3548> AgsPayHome:/home/lww/workspace/ws/wp-content/plugins/allthegate
INFO	[2014-03-14 06:39:25:196] <3548> log:true
INFO	[2014-03-14 06:39:25:196] <3548> logLevel:INFO
INFO	[2014-03-14 06:39:25:196] <3548> UseNetCancel:true
INFO	[2014-03-14 06:39:25:196] <3548> Type:Pay
INFO	[2014-03-14 06:39:25:196] <3548> RecvLen:7
INFO	[2014-03-14 06:39:25:196] <3548> UserIp:127.0.0.1
INFO	[2014-03-14 06:39:25:197] <3548> StoreId:a
INFO	[2014-03-14 06:39:25:197] <3548> OrdNo:f
INFO	[2014-03-14 06:39:25:197] <3548> Amt:7
INFO	[2014-03-14 06:39:25:197] <3548> ProdNm:
INFO	[2014-03-14 06:39:25:197] <3548> MallUrl:h
INFO	[2014-03-14 06:39:25:197] <3548> UserEmail:g
INFO	[2014-03-14 06:39:25:197] <3548> UserId:
INFO	[2014-03-14 06:39:25:197] <3548> OrdNm:
INFO	[2014-03-14 06:39:25:197] <3548> OrdPhone:0
INFO	[2014-03-14 06:39:25:197] <3548> OrdAddr:6
INFO	[2014-03-14 06:39:25:198] <3548> RcpNm:
INFO	[2014-03-14 06:39:25:198] <3548> RcpPhone:0
INFO	[2014-03-14 06:39:25:198] <3548> DlvAddr:6
INFO	[2014-03-14 06:39:25:198] <3548> Remark:b
INFO	[2014-03-14 06:39:25:198] <3548> HP_ID:9
INFO	[2014-03-14 06:39:25:198] <3548> HP_SUBID:S
INFO	[2014-03-14 06:39:25:198] <3548> HP_UNITType:2
INFO	[2014-03-14 06:39:25:198] <3548> MallPage:h
INFO	[2014-03-14 06:39:25:198] <3548> VIRTUAL_DEPODT:
INFO	[2014-03-14 06:39:25:198] <3548> AuthTy:h
INFO	[2014-03-14 06:39:25:199] <3548> SubTy:E
INFO	[2014-03-14 06:39:25:199] <3548> DeviId:9
INFO	[2014-03-14 06:39:25:199] <3548> AuthYn:N
INFO	[2014-03-14 06:39:25:199] <3548> Instmt:
INFO	[2014-03-14 06:39:25:199] <3548> partial_mm:
INFO	[2014-03-14 06:39:25:199] <3548> noIntMonth:
INFO	[2014-03-14 06:39:25:199] <3548> KVP_CURRENCY:W
INFO	[2014-03-14 06:39:25:199] <3548> KVP_CARDCODE:
INFO	[2014-03-14 06:39:25:199] <3548> KVP_SESSIONKEY:
INFO	[2014-03-14 06:39:25:199] <3548> KVP_ENCDATA:
INFO	[2014-03-14 06:39:25:200] <3548> KVP_CONAME:
INFO	[2014-03-14 06:39:25:200] <3548> KVP_NOINT:
INFO	[2014-03-14 06:39:25:200] <3548> KVP_QUOTA:
INFO	[2014-03-14 06:39:25:200] <3548> CardNo:
INFO	[2014-03-14 06:39:25:200] <3548> MPI_CAVV:
INFO	[2014-03-14 06:39:25:200] <3548> MPI_ECI:
INFO	[2014-03-14 06:39:25:200] <3548> MPI_MD64:
INFO	[2014-03-14 06:39:25:200] <3548> ExpMon:
INFO	[2014-03-14 06:39:25:200] <3548> ExpYear:
INFO	[2014-03-14 06:39:25:200] <3548> Passwd:
INFO	[2014-03-14 06:39:25:200] <3548> SocId:
INFO	[2014-03-14 06:39:25:200] <3548> ICHE_OUTBANKNAME:
INFO	[2014-03-14 06:39:25:200] <3548> ICHE_OUTACCTNO:
INFO	[2014-03-14 06:39:25:200] <3548> ICHE_OUTBANKMASTER:
INFO	[2014-03-14 06:39:25:200] <3548> ICHE_AMOUNT:
INFO	[2014-03-14 06:39:25:200] <3548> HP_SERVERINFO:2
INFO	[2014-03-14 06:39:25:200] <3548> HP_HANDPHONE:0
INFO	[2014-03-14 06:39:25:200] <3548> HP_COMPANY:S
INFO	[2014-03-14 06:39:25:201] <3548> HP_IDEN:8
INFO	[2014-03-14 06:39:25:201] <3548> HP_IPADDR:1
INFO	[2014-03-14 06:39:25:201] <3548> ARS_PHONE:
INFO	[2014-03-14 06:39:25:201] <3548> ARS_NAME:
INFO	[2014-03-14 06:39:25:201] <3548> ZuminCode:
INFO	[2014-03-14 06:39:25:201] <3548> VIRTUAL_CENTERCD:9
INFO	[2014-03-14 06:39:25:201] <3548> VIRTUAL_NO:
INFO	[2014-03-14 06:39:25:201] <3548> ES_SENDNO:
INFO	[2014-03-14 06:39:25:201] <3548> ICHE_SOCKETYN:Y
INFO	[2014-03-14 06:39:25:201] <3548> ICHE_POSMTID:
INFO	[2014-03-14 06:39:25:201] <3548> ICHE_FNBCMTID:
INFO	[2014-03-14 06:39:25:201] <3548> ICHE_APTRTS:
INFO	[2014-03-14 06:39:25:201] <3548> ICHE_REMARK1:
INFO	[2014-03-14 06:39:25:201] <3548> ICHE_REMARK2:
INFO	[2014-03-14 06:39:25:201] <3548> ICHE_ECWYN:
INFO	[2014-03-14 06:39:25:201] <3548> ICHE_ECWID:
INFO	[2014-03-14 06:39:25:201] <3548> ICHE_ECWAMT1:
INFO	[2014-03-14 06:39:25:201] <3548> ICHE_ECWAMT2:
INFO	[2014-03-14 06:39:25:201] <3548> ICHE_CASHYN:N
INFO	[2014-03-14 06:39:25:201] <3548> ICHE_CASHGUBUN_CD:
INFO	[2014-03-14 06:39:25:201] <3548> ICHE_CASHID_NO:
INFO	[2014-03-14 06:39:25:201] <3548> ICHEARS_SOCKETYN:Y
INFO	[2014-03-14 06:39:25:201] <3548> ICHEARS_ADMNO:
INFO	[2014-03-14 06:39:25:201] <3548> ICHEARS_POSMTID:
INFO	[2014-03-14 06:39:25:201] <3548> ICHEARS_CENTERCD:
INFO	[2014-03-14 06:39:25:201] <3548> ICHEARS_HPNO:
INFO	[2014-03-14 06:39:25:201] <3548> h Pay Result Value [
INFO	[2014-03-14 06:39:25:201] <3548> rSuccYn:n
INFO	[2014-03-14 06:39:25:201] <3548> rResMsg:상품명 입력여부 확인요망 <br>
INFO	[2014-03-14 06:39:25:201] <3548> ]
INFO	[2014-03-14 06:39:25:201] <3548> END Pay 상품명 입력여부 확인요망 <br> Transaction time:[0.006sec]
INFO	[2014-03-14 06:39:25:201] <3548> ===============================================================
INFO	[2014-03-14 06:40:37:100] <3579> ===============================================================
INFO	[2014-03-14 06:40:37:101] <3579> START AgsPay40 php (OS:Linux3.11.0-12-generic,PHP:5.5.3-1ubuntu2.1)
INFO	[2014-03-14 06:40:37:101] <3579> h Pay Start!
INFO	[2014-03-14 06:40:37:101] <3579> AgsPayHome:/home/lww/workspace/ws/wp-content/plugins/allthegate
INFO	[2014-03-14 06:40:37:101] <3579> log:true
INFO	[2014-03-14 06:40:37:101] <3579> logLevel:INFO
INFO	[2014-03-14 06:40:37:101] <3579> UseNetCancel:true
INFO	[2014-03-14 06:40:37:101] <3579> Type:Pay
INFO	[2014-03-14 06:40:37:101] <3579> RecvLen:7
INFO	[2014-03-14 06:40:37:101] <3579> UserIp:127.0.0.1
INFO	[2014-03-14 06:40:37:102] <3579> StoreId:a
INFO	[2014-03-14 06:40:37:102] <3579> OrdNo:f
INFO	[2014-03-14 06:40:37:102] <3579> Amt:7
INFO	[2014-03-14 06:40:37:102] <3579> ProdNm:
INFO	[2014-03-14 06:40:37:102] <3579> MallUrl:h
INFO	[2014-03-14 06:40:37:102] <3579> UserEmail:g
INFO	[2014-03-14 06:40:37:102] <3579> UserId:
INFO	[2014-03-14 06:40:37:102] <3579> OrdNm:
INFO	[2014-03-14 06:40:37:102] <3579> OrdPhone:0
INFO	[2014-03-14 06:40:37:103] <3579> OrdAddr:6
INFO	[2014-03-14 06:40:37:103] <3579> RcpNm:
INFO	[2014-03-14 06:40:37:103] <3579> RcpPhone:0
INFO	[2014-03-14 06:40:37:103] <3579> DlvAddr:6
INFO	[2014-03-14 06:40:37:103] <3579> Remark:b
INFO	[2014-03-14 06:40:37:103] <3579> HP_ID:9
INFO	[2014-03-14 06:40:37:103] <3579> HP_SUBID:S
INFO	[2014-03-14 06:40:37:103] <3579> HP_UNITType:2
INFO	[2014-03-14 06:40:37:103] <3579> MallPage:h
INFO	[2014-03-14 06:40:37:103] <3579> VIRTUAL_DEPODT:
INFO	[2014-03-14 06:40:37:104] <3579> AuthTy:h
INFO	[2014-03-14 06:40:37:104] <3579> SubTy:E
INFO	[2014-03-14 06:40:37:104] <3579> DeviId:9
INFO	[2014-03-14 06:40:37:104] <3579> AuthYn:N
INFO	[2014-03-14 06:40:37:104] <3579> Instmt:
INFO	[2014-03-14 06:40:37:104] <3579> partial_mm:
INFO	[2014-03-14 06:40:37:104] <3579> noIntMonth:
INFO	[2014-03-14 06:40:37:104] <3579> KVP_CURRENCY:W
INFO	[2014-03-14 06:40:37:104] <3579> KVP_CARDCODE:
INFO	[2014-03-14 06:40:37:104] <3579> KVP_SESSIONKEY:
INFO	[2014-03-14 06:40:37:104] <3579> KVP_ENCDATA:
INFO	[2014-03-14 06:40:37:104] <3579> KVP_CONAME:
INFO	[2014-03-14 06:40:37:104] <3579> KVP_NOINT:
INFO	[2014-03-14 06:40:37:104] <3579> KVP_QUOTA:
INFO	[2014-03-14 06:40:37:104] <3579> CardNo:
INFO	[2014-03-14 06:40:37:104] <3579> MPI_CAVV:
INFO	[2014-03-14 06:40:37:104] <3579> MPI_ECI:
INFO	[2014-03-14 06:40:37:104] <3579> MPI_MD64:
INFO	[2014-03-14 06:40:37:105] <3579> ExpMon:
INFO	[2014-03-14 06:40:37:105] <3579> ExpYear:
INFO	[2014-03-14 06:40:37:105] <3579> Passwd:
INFO	[2014-03-14 06:40:37:105] <3579> SocId:
INFO	[2014-03-14 06:40:37:105] <3579> ICHE_OUTBANKNAME:
INFO	[2014-03-14 06:40:37:105] <3579> ICHE_OUTACCTNO:
INFO	[2014-03-14 06:40:37:105] <3579> ICHE_OUTBANKMASTER:
INFO	[2014-03-14 06:40:37:105] <3579> ICHE_AMOUNT:
INFO	[2014-03-14 06:40:37:105] <3579> HP_SERVERINFO:2
INFO	[2014-03-14 06:40:37:105] <3579> HP_HANDPHONE:0
INFO	[2014-03-14 06:40:37:105] <3579> HP_COMPANY:S
INFO	[2014-03-14 06:40:37:105] <3579> HP_IDEN:8
INFO	[2014-03-14 06:40:37:105] <3579> HP_IPADDR:1
INFO	[2014-03-14 06:40:37:105] <3579> ARS_PHONE:
INFO	[2014-03-14 06:40:37:105] <3579> ARS_NAME:
INFO	[2014-03-14 06:40:37:105] <3579> ZuminCode:
INFO	[2014-03-14 06:40:37:105] <3579> VIRTUAL_CENTERCD:9
INFO	[2014-03-14 06:40:37:105] <3579> VIRTUAL_NO:
INFO	[2014-03-14 06:40:37:105] <3579> ES_SENDNO:
INFO	[2014-03-14 06:40:37:105] <3579> ICHE_SOCKETYN:Y
INFO	[2014-03-14 06:40:37:105] <3579> ICHE_POSMTID:
INFO	[2014-03-14 06:40:37:105] <3579> ICHE_FNBCMTID:
INFO	[2014-03-14 06:40:37:105] <3579> ICHE_APTRTS:
INFO	[2014-03-14 06:40:37:105] <3579> ICHE_REMARK1:
INFO	[2014-03-14 06:40:37:105] <3579> ICHE_REMARK2:
INFO	[2014-03-14 06:40:37:105] <3579> ICHE_ECWYN:
INFO	[2014-03-14 06:40:37:105] <3579> ICHE_ECWID:
INFO	[2014-03-14 06:40:37:105] <3579> ICHE_ECWAMT1:
INFO	[2014-03-14 06:40:37:105] <3579> ICHE_ECWAMT2:
INFO	[2014-03-14 06:40:37:105] <3579> ICHE_CASHYN:N
INFO	[2014-03-14 06:40:37:105] <3579> ICHE_CASHGUBUN_CD:
INFO	[2014-03-14 06:40:37:105] <3579> ICHE_CASHID_NO:
INFO	[2014-03-14 06:40:37:105] <3579> ICHEARS_SOCKETYN:Y
INFO	[2014-03-14 06:40:37:105] <3579> ICHEARS_ADMNO:
INFO	[2014-03-14 06:40:37:105] <3579> ICHEARS_POSMTID:
INFO	[2014-03-14 06:40:37:105] <3579> ICHEARS_CENTERCD:
INFO	[2014-03-14 06:40:37:105] <3579> ICHEARS_HPNO:
INFO	[2014-03-14 06:40:37:106] <3579> h Pay Result Value [
INFO	[2014-03-14 06:40:37:106] <3579> rSuccYn:n
INFO	[2014-03-14 06:40:37:106] <3579> rResMsg:상품명 입력여부 확인요망 <br>
INFO	[2014-03-14 06:40:37:106] <3579> ]
INFO	[2014-03-14 06:40:37:106] <3579> END Pay 상품명 입력여부 확인요망 <br> Transaction time:[0.006sec]
INFO	[2014-03-14 06:40:37:106] <3579> ===============================================================
INFO	[2014-03-14 06:44:43:203] <3548> ===============================================================
INFO	[2014-03-14 06:44:43:203] <3548> START AgsPay40 php (OS:Linux3.11.0-12-generic,PHP:5.5.3-1ubuntu2.1)
INFO	[2014-03-14 06:44:43:204] <3548> h Pay Start!
INFO	[2014-03-14 06:44:43:204] <3548> AgsPayHome:/home/lww/workspace/ws/wp-content/plugins/allthegate
INFO	[2014-03-14 06:44:43:204] <3548> log:true
INFO	[2014-03-14 06:44:43:204] <3548> logLevel:INFO
INFO	[2014-03-14 06:44:43:204] <3548> UseNetCancel:true
INFO	[2014-03-14 06:44:43:204] <3548> Type:Pay
INFO	[2014-03-14 06:44:43:204] <3548> RecvLen:7
INFO	[2014-03-14 06:44:43:204] <3548> UserIp:127.0.0.1
INFO	[2014-03-14 06:44:43:204] <3548> StoreId:a
INFO	[2014-03-14 06:44:43:205] <3548> OrdNo:f
INFO	[2014-03-14 06:44:43:205] <3548> Amt:7
INFO	[2014-03-14 06:44:43:205] <3548> ProdNm:
INFO	[2014-03-14 06:44:43:205] <3548> MallUrl:h
INFO	[2014-03-14 06:44:43:205] <3548> UserEmail:g
INFO	[2014-03-14 06:44:43:205] <3548> UserId:
INFO	[2014-03-14 06:44:43:205] <3548> OrdNm:
INFO	[2014-03-14 06:44:43:205] <3548> OrdPhone:0
INFO	[2014-03-14 06:44:43:205] <3548> OrdAddr:6
INFO	[2014-03-14 06:44:43:205] <3548> RcpNm:
INFO	[2014-03-14 06:44:43:206] <3548> RcpPhone:0
INFO	[2014-03-14 06:44:43:206] <3548> DlvAddr:6
INFO	[2014-03-14 06:44:43:206] <3548> Remark:b
INFO	[2014-03-14 06:44:43:206] <3548> HP_ID:9
INFO	[2014-03-14 06:44:43:206] <3548> HP_SUBID:S
INFO	[2014-03-14 06:44:43:206] <3548> HP_UNITType:2
INFO	[2014-03-14 06:44:43:206] <3548> MallPage:h
INFO	[2014-03-14 06:44:43:206] <3548> VIRTUAL_DEPODT:
INFO	[2014-03-14 06:44:43:207] <3548> AuthTy:h
INFO	[2014-03-14 06:44:43:207] <3548> SubTy:E
INFO	[2014-03-14 06:44:43:207] <3548> DeviId:9
INFO	[2014-03-14 06:44:43:207] <3548> AuthYn:N
INFO	[2014-03-14 06:44:43:207] <3548> Instmt:
INFO	[2014-03-14 06:44:43:207] <3548> partial_mm:
INFO	[2014-03-14 06:44:43:207] <3548> noIntMonth:
INFO	[2014-03-14 06:44:43:207] <3548> KVP_CURRENCY:W
INFO	[2014-03-14 06:44:43:207] <3548> KVP_CARDCODE:
INFO	[2014-03-14 06:44:43:207] <3548> KVP_SESSIONKEY:
INFO	[2014-03-14 06:44:43:208] <3548> KVP_ENCDATA:
INFO	[2014-03-14 06:44:43:208] <3548> KVP_CONAME:
INFO	[2014-03-14 06:44:43:208] <3548> KVP_NOINT:
INFO	[2014-03-14 06:44:43:208] <3548> KVP_QUOTA:
INFO	[2014-03-14 06:44:43:208] <3548> CardNo:
INFO	[2014-03-14 06:44:43:208] <3548> MPI_CAVV:
INFO	[2014-03-14 06:44:43:208] <3548> MPI_ECI:
INFO	[2014-03-14 06:44:43:208] <3548> MPI_MD64:
INFO	[2014-03-14 06:44:43:208] <3548> ExpMon:
INFO	[2014-03-14 06:44:43:208] <3548> ExpYear:
INFO	[2014-03-14 06:44:43:209] <3548> Passwd:
INFO	[2014-03-14 06:44:43:209] <3548> SocId:
INFO	[2014-03-14 06:44:43:209] <3548> ICHE_OUTBANKNAME:
INFO	[2014-03-14 06:44:43:209] <3548> ICHE_OUTACCTNO:
INFO	[2014-03-14 06:44:43:209] <3548> ICHE_OUTBANKMASTER:
INFO	[2014-03-14 06:44:43:209] <3548> ICHE_AMOUNT:
INFO	[2014-03-14 06:44:43:209] <3548> HP_SERVERINFO:2
INFO	[2014-03-14 06:44:43:209] <3548> HP_HANDPHONE:0
INFO	[2014-03-14 06:44:43:210] <3548> HP_COMPANY:S
INFO	[2014-03-14 06:44:43:210] <3548> HP_IDEN:8
INFO	[2014-03-14 06:44:43:210] <3548> HP_IPADDR:1
INFO	[2014-03-14 06:44:43:210] <3548> ARS_PHONE:
INFO	[2014-03-14 06:44:43:210] <3548> ARS_NAME:
INFO	[2014-03-14 06:44:43:210] <3548> ZuminCode:
INFO	[2014-03-14 06:44:43:210] <3548> VIRTUAL_CENTERCD:9
INFO	[2014-03-14 06:44:43:210] <3548> VIRTUAL_NO:
INFO	[2014-03-14 06:44:43:210] <3548> ES_SENDNO:
INFO	[2014-03-14 06:44:43:210] <3548> ICHE_SOCKETYN:Y
INFO	[2014-03-14 06:44:43:211] <3548> ICHE_POSMTID:
INFO	[2014-03-14 06:44:43:211] <3548> ICHE_FNBCMTID:
INFO	[2014-03-14 06:44:43:211] <3548> ICHE_APTRTS:
INFO	[2014-03-14 06:44:43:211] <3548> ICHE_REMARK1:
INFO	[2014-03-14 06:44:43:211] <3548> ICHE_REMARK2:
INFO	[2014-03-14 06:44:43:211] <3548> ICHE_ECWYN:
INFO	[2014-03-14 06:44:43:211] <3548> ICHE_ECWID:
INFO	[2014-03-14 06:44:43:211] <3548> ICHE_ECWAMT1:
INFO	[2014-03-14 06:44:43:211] <3548> ICHE_ECWAMT2:
INFO	[2014-03-14 06:44:43:211] <3548> ICHE_CASHYN:N
INFO	[2014-03-14 06:44:43:212] <3548> ICHE_CASHGUBUN_CD:
INFO	[2014-03-14 06:44:43:212] <3548> ICHE_CASHID_NO:
INFO	[2014-03-14 06:44:43:212] <3548> ICHEARS_SOCKETYN:Y
INFO	[2014-03-14 06:44:43:212] <3548> ICHEARS_ADMNO:
INFO	[2014-03-14 06:44:43:212] <3548> ICHEARS_POSMTID:
INFO	[2014-03-14 06:44:43:212] <3548> ICHEARS_CENTERCD:
INFO	[2014-03-14 06:44:43:212] <3548> ICHEARS_HPNO:
INFO	[2014-03-14 06:44:43:212] <3548> h Pay Result Value [
INFO	[2014-03-14 06:44:43:212] <3548> rSuccYn:n
INFO	[2014-03-14 06:44:43:212] <3548> rResMsg:상품명 입력여부 확인요망 <br>
INFO	[2014-03-14 06:44:43:212] <3548> ]
INFO	[2014-03-14 06:44:43:212] <3548> END Pay 상품명 입력여부 확인요망 <br> Transaction time:[0.01sec]
INFO	[2014-03-14 06:44:43:212] <3548> ===============================================================
INFO	[2014-03-14 06:45:12:816] <3579> ===============================================================
INFO	[2014-03-14 06:45:12:816] <3579> START AgsPay40 php (OS:Linux3.11.0-12-generic,PHP:5.5.3-1ubuntu2.1)
INFO	[2014-03-14 06:45:12:816] <3579> h Pay Start!
INFO	[2014-03-14 06:45:12:816] <3579> AgsPayHome:/home/lww/workspace/ws/wp-content/plugins/allthegate
INFO	[2014-03-14 06:45:12:816] <3579> log:true
INFO	[2014-03-14 06:45:12:816] <3579> logLevel:INFO
INFO	[2014-03-14 06:45:12:816] <3579> UseNetCancel:true
INFO	[2014-03-14 06:45:12:816] <3579> Type:Pay
INFO	[2014-03-14 06:45:12:816] <3579> RecvLen:7
INFO	[2014-03-14 06:45:12:816] <3579> UserIp:127.0.0.1
INFO	[2014-03-14 06:45:12:816] <3579> StoreId:a
INFO	[2014-03-14 06:45:12:816] <3579> OrdNo:f
INFO	[2014-03-14 06:45:12:816] <3579> Amt:7
INFO	[2014-03-14 06:45:12:817] <3579> ProdNm:
INFO	[2014-03-14 06:45:12:817] <3579> MallUrl:h
INFO	[2014-03-14 06:45:12:817] <3579> UserEmail:g
INFO	[2014-03-14 06:45:12:817] <3579> UserId:
INFO	[2014-03-14 06:45:12:817] <3579> OrdNm:
INFO	[2014-03-14 06:45:12:817] <3579> OrdPhone:0
INFO	[2014-03-14 06:45:12:817] <3579> OrdAddr:6
INFO	[2014-03-14 06:45:12:817] <3579> RcpNm:
INFO	[2014-03-14 06:45:12:817] <3579> RcpPhone:0
INFO	[2014-03-14 06:45:12:817] <3579> DlvAddr:6
INFO	[2014-03-14 06:45:12:817] <3579> Remark:b
INFO	[2014-03-14 06:45:12:817] <3579> HP_ID:9
INFO	[2014-03-14 06:45:12:817] <3579> HP_SUBID:S
INFO	[2014-03-14 06:45:12:817] <3579> HP_UNITType:2
INFO	[2014-03-14 06:45:12:817] <3579> MallPage:h
INFO	[2014-03-14 06:45:12:817] <3579> VIRTUAL_DEPODT:
INFO	[2014-03-14 06:45:12:817] <3579> AuthTy:h
INFO	[2014-03-14 06:45:12:817] <3579> SubTy:E
INFO	[2014-03-14 06:45:12:817] <3579> DeviId:9
INFO	[2014-03-14 06:45:12:817] <3579> AuthYn:N
INFO	[2014-03-14 06:45:12:817] <3579> Instmt:
INFO	[2014-03-14 06:45:12:817] <3579> partial_mm:
INFO	[2014-03-14 06:45:12:817] <3579> noIntMonth:
INFO	[2014-03-14 06:45:12:817] <3579> KVP_CURRENCY:W
INFO	[2014-03-14 06:45:12:817] <3579> KVP_CARDCODE:
INFO	[2014-03-14 06:45:12:817] <3579> KVP_SESSIONKEY:
INFO	[2014-03-14 06:45:12:817] <3579> KVP_ENCDATA:
INFO	[2014-03-14 06:45:12:817] <3579> KVP_CONAME:
INFO	[2014-03-14 06:45:12:817] <3579> KVP_NOINT:
INFO	[2014-03-14 06:45:12:817] <3579> KVP_QUOTA:
INFO	[2014-03-14 06:45:12:817] <3579> CardNo:
INFO	[2014-03-14 06:45:12:817] <3579> MPI_CAVV:
INFO	[2014-03-14 06:45:12:817] <3579> MPI_ECI:
INFO	[2014-03-14 06:45:12:817] <3579> MPI_MD64:
INFO	[2014-03-14 06:45:12:817] <3579> ExpMon:
INFO	[2014-03-14 06:45:12:817] <3579> ExpYear:
INFO	[2014-03-14 06:45:12:817] <3579> Passwd:
INFO	[2014-03-14 06:45:12:817] <3579> SocId:
INFO	[2014-03-14 06:45:12:818] <3579> ICHE_OUTBANKNAME:
INFO	[2014-03-14 06:45:12:818] <3579> ICHE_OUTACCTNO:
INFO	[2014-03-14 06:45:12:818] <3579> ICHE_OUTBANKMASTER:
INFO	[2014-03-14 06:45:12:818] <3579> ICHE_AMOUNT:
INFO	[2014-03-14 06:45:12:818] <3579> HP_SERVERINFO:2
INFO	[2014-03-14 06:45:12:818] <3579> HP_HANDPHONE:0
INFO	[2014-03-14 06:45:12:818] <3579> HP_COMPANY:S
INFO	[2014-03-14 06:45:12:818] <3579> HP_IDEN:8
INFO	[2014-03-14 06:45:12:818] <3579> HP_IPADDR:1
INFO	[2014-03-14 06:45:12:818] <3579> ARS_PHONE:
INFO	[2014-03-14 06:45:12:818] <3579> ARS_NAME:
INFO	[2014-03-14 06:45:12:818] <3579> ZuminCode:
INFO	[2014-03-14 06:45:12:818] <3579> VIRTUAL_CENTERCD:9
INFO	[2014-03-14 06:45:12:818] <3579> VIRTUAL_NO:
INFO	[2014-03-14 06:45:12:818] <3579> ES_SENDNO:
INFO	[2014-03-14 06:45:12:818] <3579> ICHE_SOCKETYN:Y
INFO	[2014-03-14 06:45:12:818] <3579> ICHE_POSMTID:
INFO	[2014-03-14 06:45:12:818] <3579> ICHE_FNBCMTID:
INFO	[2014-03-14 06:45:12:818] <3579> ICHE_APTRTS:
INFO	[2014-03-14 06:45:12:818] <3579> ICHE_REMARK1:
INFO	[2014-03-14 06:45:12:818] <3579> ICHE_REMARK2:
INFO	[2014-03-14 06:45:12:818] <3579> ICHE_ECWYN:
INFO	[2014-03-14 06:45:12:818] <3579> ICHE_ECWID:
INFO	[2014-03-14 06:45:12:818] <3579> ICHE_ECWAMT1:
INFO	[2014-03-14 06:45:12:818] <3579> ICHE_ECWAMT2:
INFO	[2014-03-14 06:45:12:818] <3579> ICHE_CASHYN:N
INFO	[2014-03-14 06:45:12:818] <3579> ICHE_CASHGUBUN_CD:
INFO	[2014-03-14 06:45:12:818] <3579> ICHE_CASHID_NO:
INFO	[2014-03-14 06:45:12:818] <3579> ICHEARS_SOCKETYN:Y
INFO	[2014-03-14 06:45:12:818] <3579> ICHEARS_ADMNO:
INFO	[2014-03-14 06:45:12:818] <3579> ICHEARS_POSMTID:
INFO	[2014-03-14 06:45:12:818] <3579> ICHEARS_CENTERCD:
INFO	[2014-03-14 06:45:12:818] <3579> ICHEARS_HPNO:
INFO	[2014-03-14 06:45:12:818] <3579> h Pay Result Value [
INFO	[2014-03-14 06:45:12:818] <3579> rSuccYn:n
INFO	[2014-03-14 06:45:12:818] <3579> rResMsg:상품명 입력여부 확인요망 <br>
INFO	[2014-03-14 06:45:12:819] <3579> ]
INFO	[2014-03-14 06:45:12:819] <3579> END Pay 상품명 입력여부 확인요망 <br> Transaction time:[0.003sec]
INFO	[2014-03-14 06:45:12:819] <3579> ===============================================================
INFO	[2014-03-14 06:46:05:571] <3738> ===============================================================
INFO	[2014-03-14 06:46:05:571] <3738> START AgsPay40 php (OS:Linux3.11.0-12-generic,PHP:5.5.3-1ubuntu2.1)
INFO	[2014-03-14 06:46:05:571] <3738> h Pay Start!
INFO	[2014-03-14 06:46:05:571] <3738> AgsPayHome:/home/lww/workspace/ws/wp-content/plugins/allthegate
INFO	[2014-03-14 06:46:05:571] <3738> log:true
INFO	[2014-03-14 06:46:05:571] <3738> logLevel:INFO
INFO	[2014-03-14 06:46:05:571] <3738> UseNetCancel:true
INFO	[2014-03-14 06:46:05:571] <3738> Type:Pay
INFO	[2014-03-14 06:46:05:571] <3738> RecvLen:7
INFO	[2014-03-14 06:46:05:571] <3738> UserIp:127.0.0.1
INFO	[2014-03-14 06:46:05:571] <3738> StoreId:a
INFO	[2014-03-14 06:46:05:571] <3738> OrdNo:f
INFO	[2014-03-14 06:46:05:571] <3738> Amt:7
INFO	[2014-03-14 06:46:05:571] <3738> ProdNm:
INFO	[2014-03-14 06:46:05:571] <3738> MallUrl:h
INFO	[2014-03-14 06:46:05:571] <3738> UserEmail:g
INFO	[2014-03-14 06:46:05:571] <3738> UserId:
INFO	[2014-03-14 06:46:05:571] <3738> OrdNm:
INFO	[2014-03-14 06:46:05:571] <3738> OrdPhone:0
INFO	[2014-03-14 06:46:05:571] <3738> OrdAddr:6
INFO	[2014-03-14 06:46:05:571] <3738> RcpNm:
INFO	[2014-03-14 06:46:05:571] <3738> RcpPhone:0
INFO	[2014-03-14 06:46:05:571] <3738> DlvAddr:6
INFO	[2014-03-14 06:46:05:571] <3738> Remark:b
INFO	[2014-03-14 06:46:05:571] <3738> HP_ID:9
INFO	[2014-03-14 06:46:05:571] <3738> HP_SUBID:S
INFO	[2014-03-14 06:46:05:571] <3738> HP_UNITType:2
INFO	[2014-03-14 06:46:05:571] <3738> MallPage:h
INFO	[2014-03-14 06:46:05:571] <3738> VIRTUAL_DEPODT:
INFO	[2014-03-14 06:46:05:572] <3738> AuthTy:h
INFO	[2014-03-14 06:46:05:572] <3738> SubTy:E
INFO	[2014-03-14 06:46:05:572] <3738> DeviId:9
INFO	[2014-03-14 06:46:05:572] <3738> AuthYn:N
INFO	[2014-03-14 06:46:05:572] <3738> Instmt:
INFO	[2014-03-14 06:46:05:572] <3738> partial_mm:
INFO	[2014-03-14 06:46:05:572] <3738> noIntMonth:
INFO	[2014-03-14 06:46:05:572] <3738> KVP_CURRENCY:W
INFO	[2014-03-14 06:46:05:572] <3738> KVP_CARDCODE:
INFO	[2014-03-14 06:46:05:572] <3738> KVP_SESSIONKEY:
INFO	[2014-03-14 06:46:05:572] <3738> KVP_ENCDATA:
INFO	[2014-03-14 06:46:05:572] <3738> KVP_CONAME:
INFO	[2014-03-14 06:46:05:572] <3738> KVP_NOINT:
INFO	[2014-03-14 06:46:05:572] <3738> KVP_QUOTA:
INFO	[2014-03-14 06:46:05:572] <3738> CardNo:
INFO	[2014-03-14 06:46:05:572] <3738> MPI_CAVV:
INFO	[2014-03-14 06:46:05:572] <3738> MPI_ECI:
INFO	[2014-03-14 06:46:05:572] <3738> MPI_MD64:
INFO	[2014-03-14 06:46:05:572] <3738> ExpMon:
INFO	[2014-03-14 06:46:05:572] <3738> ExpYear:
INFO	[2014-03-14 06:46:05:572] <3738> Passwd:
INFO	[2014-03-14 06:46:05:572] <3738> SocId:
INFO	[2014-03-14 06:46:05:572] <3738> ICHE_OUTBANKNAME:
INFO	[2014-03-14 06:46:05:572] <3738> ICHE_OUTACCTNO:
INFO	[2014-03-14 06:46:05:572] <3738> ICHE_OUTBANKMASTER:
INFO	[2014-03-14 06:46:05:572] <3738> ICHE_AMOUNT:
INFO	[2014-03-14 06:46:05:572] <3738> HP_SERVERINFO:2
INFO	[2014-03-14 06:46:05:572] <3738> HP_HANDPHONE:0
INFO	[2014-03-14 06:46:05:572] <3738> HP_COMPANY:S
INFO	[2014-03-14 06:46:05:572] <3738> HP_IDEN:8
INFO	[2014-03-14 06:46:05:572] <3738> HP_IPADDR:1
INFO	[2014-03-14 06:46:05:572] <3738> ARS_PHONE:
INFO	[2014-03-14 06:46:05:572] <3738> ARS_NAME:
INFO	[2014-03-14 06:46:05:572] <3738> ZuminCode:
INFO	[2014-03-14 06:46:05:572] <3738> VIRTUAL_CENTERCD:9
INFO	[2014-03-14 06:46:05:572] <3738> VIRTUAL_NO:
INFO	[2014-03-14 06:46:05:572] <3738> ES_SENDNO:
INFO	[2014-03-14 06:46:05:573] <3738> ICHE_SOCKETYN:Y
INFO	[2014-03-14 06:46:05:573] <3738> ICHE_POSMTID:
INFO	[2014-03-14 06:46:05:573] <3738> ICHE_FNBCMTID:
INFO	[2014-03-14 06:46:05:573] <3738> ICHE_APTRTS:
INFO	[2014-03-14 06:46:05:573] <3738> ICHE_REMARK1:
INFO	[2014-03-14 06:46:05:573] <3738> ICHE_REMARK2:
INFO	[2014-03-14 06:46:05:573] <3738> ICHE_ECWYN:
INFO	[2014-03-14 06:46:05:573] <3738> ICHE_ECWID:
INFO	[2014-03-14 06:46:05:573] <3738> ICHE_ECWAMT1:
INFO	[2014-03-14 06:46:05:573] <3738> ICHE_ECWAMT2:
INFO	[2014-03-14 06:46:05:573] <3738> ICHE_CASHYN:N
INFO	[2014-03-14 06:46:05:573] <3738> ICHE_CASHGUBUN_CD:
INFO	[2014-03-14 06:46:05:573] <3738> ICHE_CASHID_NO:
INFO	[2014-03-14 06:46:05:573] <3738> ICHEARS_SOCKETYN:Y
INFO	[2014-03-14 06:46:05:573] <3738> ICHEARS_ADMNO:
INFO	[2014-03-14 06:46:05:573] <3738> ICHEARS_POSMTID:
INFO	[2014-03-14 06:46:05:573] <3738> ICHEARS_CENTERCD:
INFO	[2014-03-14 06:46:05:573] <3738> ICHEARS_HPNO:
INFO	[2014-03-14 06:46:05:573] <3738> h Pay Result Value [
INFO	[2014-03-14 06:46:05:573] <3738> rSuccYn:n
INFO	[2014-03-14 06:46:05:573] <3738> rResMsg:상품명 입력여부 확인요망 <br>
INFO	[2014-03-14 06:46:05:573] <3738> ]
INFO	[2014-03-14 06:46:05:573] <3738> END Pay 상품명 입력여부 확인요망 <br> Transaction time:[0.003sec]
INFO	[2014-03-14 06:46:05:573] <3738> ===============================================================
