INFO	[2014-03-18 07:39:28:364] <3218> ===============================================================
INFO	[2014-03-18 07:39:28:365] <3218> START AgsPay40 php (OS:Linux3.11.0-12-generic,PHP:5.5.3-1ubuntu2.1)
INFO	[2014-03-18 07:39:28:365] <3218> hp Pay Start!
INFO	[2014-03-18 07:39:28:365] <3218> AgsPayHome:/home/lww/workspace/ws/wp-content/plugins/allthegate
INFO	[2014-03-18 07:39:28:365] <3218> log:true
INFO	[2014-03-18 07:39:28:365] <3218> logLevel:INFO
INFO	[2014-03-18 07:39:28:365] <3218> UseNetCancel:true
INFO	[2014-03-18 07:39:28:365] <3218> Type:Pay
INFO	[2014-03-18 07:39:28:365] <3218> RecvLen:7
INFO	[2014-03-18 07:39:28:365] <3218> UserIp:127.0.0.1
INFO	[2014-03-18 07:39:28:366] <3218> StoreId:atgshop
INFO	[2014-03-18 07:39:28:366] <3218> OrdNo:373edc3ad43b832b2d1ae37d4dbd8f46
INFO	[2014-03-18 07:39:28:366] <3218> Amt:1000
INFO	[2014-03-18 07:39:28:366] <3218> ProdNm:일시 후원
INFO	[2014-03-18 07:39:28:366] <3218> MallUrl:http://local.workerssolidarity.org
INFO	[2014-03-18 07:39:28:366] <3218> UserEmail:(입력 안함)
INFO	[2014-03-18 07:39:28:366] <3218> UserId:(입력 안함)
INFO	[2014-03-18 07:39:28:366] <3218> OrdNm:(입력 안함)
INFO	[2014-03-18 07:39:28:367] <3218> OrdPhone:(입력 안함)
INFO	[2014-03-18 07:39:28:367] <3218> OrdAddr:(입력 안함)
INFO	[2014-03-18 07:39:28:367] <3218> RcpNm:(입력 안함)
INFO	[2014-03-18 07:39:28:367] <3218> RcpPhone:(입력 안함)
INFO	[2014-03-18 07:39:28:367] <3218> DlvAddr:(입력 안함)
INFO	[2014-03-18 07:39:28:367] <3218> Remark:
INFO	[2014-03-18 07:39:28:367] <3218> HP_ID:9010S13166
INFO	[2014-03-18 07:39:28:367] <3218> HP_SUBID:S0CRE00371
INFO	[2014-03-18 07:39:28:367] <3218> HP_UNITType:2
INFO	[2014-03-18 07:39:28:367] <3218> MallPage:N/A
INFO	[2014-03-18 07:39:28:368] <3218> VIRTUAL_DEPODT:
INFO	[2014-03-18 07:39:28:368] <3218> AuthTy:hp
INFO	[2014-03-18 07:39:28:368] <3218> SubTy:EReport
INFO	[2014-03-18 07:39:28:368] <3218> DeviId:9000400001
INFO	[2014-03-18 07:39:28:368] <3218> AuthYn:N;221.146.166.61
INFO	[2014-03-18 07:39:28:368] <3218> Instmt:
INFO	[2014-03-18 07:39:28:368] <3218> partial_mm:
INFO	[2014-03-18 07:39:28:368] <3218> noIntMonth:
INFO	[2014-03-18 07:39:28:368] <3218> KVP_CURRENCY:WON
INFO	[2014-03-18 07:39:28:368] <3218> KVP_CARDCODE:
INFO	[2014-03-18 07:39:28:368] <3218> KVP_SESSIONKEY:
INFO	[2014-03-18 07:39:28:369] <3218> KVP_ENCDATA:
INFO	[2014-03-18 07:39:28:369] <3218> KVP_CONAME:
INFO	[2014-03-18 07:39:28:369] <3218> KVP_NOINT:
INFO	[2014-03-18 07:39:28:369] <3218> KVP_QUOTA:
INFO	[2014-03-18 07:39:28:369] <3218> CardNo:
INFO	[2014-03-18 07:39:28:369] <3218> MPI_CAVV:
INFO	[2014-03-18 07:39:28:369] <3218> MPI_ECI:
INFO	[2014-03-18 07:39:28:369] <3218> MPI_MD64:
INFO	[2014-03-18 07:39:28:369] <3218> ExpMon:
INFO	[2014-03-18 07:39:28:370] <3218> ExpYear:
INFO	[2014-03-18 07:39:28:370] <3218> Passwd:
INFO	[2014-03-18 07:39:28:370] <3218> SocId:
INFO	[2014-03-18 07:39:28:370] <3218> ICHE_OUTBANKNAME:
INFO	[2014-03-18 07:39:28:370] <3218> ICHE_OUTACCTNO:
INFO	[2014-03-18 07:39:28:370] <3218> ICHE_OUTBANKMASTER:
INFO	[2014-03-18 07:39:28:370] <3218> ICHE_AMOUNT:
INFO	[2014-03-18 07:39:28:370] <3218> HP_SERVERINFO:23fe996914129add1a6eeb4f117143f198c6d17bab6dfe0548c0f543c0843f0030ada1e1e60306803825175acb1d8420f32cb181ba7c1b6c88c3980a52f9b0be
INFO	[2014-03-18 07:39:28:370] <3218> HP_HANDPHONE:01047894202
INFO	[2014-03-18 07:39:28:370] <3218> HP_COMPANY:SKT
INFO	[2014-03-18 07:39:28:371] <3218> HP_IDEN:8810041853421
INFO	[2014-03-18 07:39:28:371] <3218> HP_IPADDR:10.0.2.15;N
INFO	[2014-03-18 07:39:28:371] <3218> ARS_PHONE:
INFO	[2014-03-18 07:39:28:371] <3218> ARS_NAME:
INFO	[2014-03-18 07:39:28:371] <3218> ZuminCode:
INFO	[2014-03-18 07:39:28:371] <3218> VIRTUAL_CENTERCD:99
INFO	[2014-03-18 07:39:28:371] <3218> VIRTUAL_NO:
INFO	[2014-03-18 07:39:28:371] <3218> ES_SENDNO:
INFO	[2014-03-18 07:39:28:371] <3218> ICHE_SOCKETYN:Y
INFO	[2014-03-18 07:39:28:371] <3218> ICHE_POSMTID:
INFO	[2014-03-18 07:39:28:371] <3218> ICHE_FNBCMTID:
INFO	[2014-03-18 07:39:28:372] <3218> ICHE_APTRTS:
INFO	[2014-03-18 07:39:28:372] <3218> ICHE_REMARK1:
INFO	[2014-03-18 07:39:28:372] <3218> ICHE_REMARK2:
INFO	[2014-03-18 07:39:28:372] <3218> ICHE_ECWYN:
INFO	[2014-03-18 07:39:28:372] <3218> ICHE_ECWID:
INFO	[2014-03-18 07:39:28:372] <3218> ICHE_ECWAMT1:
INFO	[2014-03-18 07:39:28:372] <3218> ICHE_ECWAMT2:
INFO	[2014-03-18 07:39:28:372] <3218> ICHE_CASHYN:N
INFO	[2014-03-18 07:39:28:372] <3218> ICHE_CASHGUBUN_CD:
INFO	[2014-03-18 07:39:28:373] <3218> ICHE_CASHID_NO:
INFO	[2014-03-18 07:39:28:373] <3218> ICHEARS_SOCKETYN:Y
INFO	[2014-03-18 07:39:28:373] <3218> ICHEARS_ADMNO:
INFO	[2014-03-18 07:39:28:373] <3218> ICHEARS_POSMTID:
INFO	[2014-03-18 07:39:28:373] <3218> ICHEARS_CENTERCD:
INFO	[2014-03-18 07:39:28:373] <3218> ICHEARS_HPNO:
INFO	[2014-03-18 07:39:28:373] <3218> Make NetCancel ID Start
INFO	[2014-03-18 07:39:28:373] <3218> AEGIS_HPP_atgshop_20140318073928373324
INFO	[2014-03-18 07:39:28:374] <3218> Make NetCancel ID End
INFO	[2014-03-18 07:39:28:374] <3218> Make NetCancelID OK
INFO	[2014-03-18 07:39:28:374] <3218> Make Msg Start
INFO	[2014-03-18 07:39:28:374] <3218> hp Make MSG OK 
INFO	[2014-03-18 07:39:28:374] <3218> Make Msg End
INFO	[2014-03-18 07:39:28:374] <3218> Make Pay Msg OK
INFO	[2014-03-18 07:39:28:374] <3218> Send & Recv Msg Start
INFO	[2014-03-18 07:39:28:374] <3218> Send Data To PG Start [ 
INFO	[2014-03-18 07:39:28:374] <3218> 0:000320hBill
INFO	[2014-03-18 07:39:28:374] <3218> 1:atgshop
INFO	[2014-03-18 07:39:28:374] <3218> 2:23fe996914129add1a6eeb4f117143f198c6d17bab6dfe0548c0f543c0843f0030ada1e1e60306803825175acb1d8420f32cb181ba7c1b6c88c3980a52f9b0be
INFO	[2014-03-18 07:39:28:374] <3218> 3:9010S13166
INFO	[2014-03-18 07:39:28:374] <3218> 4:S0CRE00371
INFO	[2014-03-18 07:39:28:374] <3218> 5:373edc3ad43b832b2d1ae37d4dbd8f46
INFO	[2014-03-18 07:39:28:374] <3218> 6:1000
INFO	[2014-03-18 07:39:28:374] <3218> 7:2
INFO	[2014-03-18 07:39:28:374] <3218> 8:01047894202
INFO	[2014-03-18 07:39:28:374] <3218> 9:SKT
INFO	[2014-03-18 07:39:28:374] <3218> 10:8810041853421
INFO	[2014-03-18 07:39:28:374] <3218> 11:(입력 안함)
INFO	[2014-03-18 07:39:28:374] <3218> 12:(입력 안함)
INFO	[2014-03-18 07:39:28:374] <3218> 13:10.0.2.15;N
INFO	[2014-03-18 07:39:28:374] <3218> 14:일시 후원
INFO	[2014-03-18 07:39:28:374] <3218> 15:AEGIS_HPP_atgshop_20140318073928373324
INFO	[2014-03-18 07:39:28:374] <3218> 16:
INFO	[2014-03-18 07:39:28:375] <3218> ] Send Data To PG End 
INFO	[2014-03-18 07:39:28:375] <3218> SendMsg : [000320hBill|atgshop|23fe996914129add1a6eeb4f117143f198c6d17bab6dfe0548c0f543c0843f0030ada1e1e60306803825175acb1d8420f32cb181ba7c1b6c88c3980a52f9b0be|9010S13166|S0CRE00371|373edc3ad43b832b2d1ae37d4dbd8f46|1000|2|01047894202|SKT|8810041853421|(입력 안함)|(입력 안함)|10.0.2.15;N|일시 후원|AEGIS_HPP_atgshop_20140318073928373324|]
INFO	[2014-03-18 07:39:28:375] <3218> Connect IP:[220.85.12.3] Port:[29760]
INFO	[2014-03-18 07:39:28:381] <3218> Socket Open OK
INFO	[2014-03-18 07:39:28:984] <3218> RecvMsg Length : [000059]
INFO	[2014-03-18 07:39:28:985] <3218> RecvMsg : [atgshop|y|No Information|20140318163900|031816390540286210|]
INFO	[2014-03-18 07:39:28:985] <3218> Socket Close OK
INFO	[2014-03-18 07:39:28:985] <3218> RecvMsg Length Check OK
INFO	[2014-03-18 07:39:28:985] <3218> Send & Recv Msg End
INFO	[2014-03-18 07:39:28:985] <3218> Send & Recv Msg OK
INFO	[2014-03-18 07:39:28:985] <3218> Parse Msg Start
INFO	[2014-03-18 07:39:28:986] <3218> hp RECV MSG Parsing OK 
INFO	[2014-03-18 07:39:28:986] <3218> Parse Msg End
INFO	[2014-03-18 07:39:28:986] <3218> Msg Parsing OK
INFO	[2014-03-18 07:39:28:986] <3218> hp Pay Result Value [
INFO	[2014-03-18 07:39:28:986] <3218> NetCancID:AEGIS_HPP_atgshop_20140318073928373324
INFO	[2014-03-18 07:39:28:986] <3218> rStoreId:atgshop
INFO	[2014-03-18 07:39:28:986] <3218> rSuccYn:y
INFO	[2014-03-18 07:39:28:986] <3218> rResMsg:No Information
INFO	[2014-03-18 07:39:28:986] <3218> rHP_DATE:20140318163900
INFO	[2014-03-18 07:39:28:987] <3218> rHP_TID:031816390540286210
INFO	[2014-03-18 07:39:28:987] <3218> rAmt:1000
INFO	[2014-03-18 07:39:28:987] <3218> rOrdNo:373edc3ad43b832b2d1ae37d4dbd8f46
INFO	[2014-03-18 07:39:28:987] <3218> rProdNm:일시 후원
INFO	[2014-03-18 07:39:28:987] <3218> ]
INFO	[2014-03-18 07:39:28:987] <3218> END Pay No Information Transaction time:[0.624sec]
INFO	[2014-03-18 07:39:28:987] <3218> ===============================================================
INFO	[2014-03-18 07:39:28:993] <3218> ===============================================================
INFO	[2014-03-18 07:39:28:993] <3218> START AgsPay40 php (OS:Linux3.11.0-12-generic,PHP:5.5.3-1ubuntu2.1)
INFO	[2014-03-18 07:39:28:993] <3218> hp Cancel Start!
INFO	[2014-03-18 07:39:28:993] <3218> AgsPayHome:/home/lww/workspace/ws/wp-content/plugins/allthegate
INFO	[2014-03-18 07:39:28:993] <3218> log:true
INFO	[2014-03-18 07:39:28:993] <3218> logLevel:INFO
INFO	[2014-03-18 07:39:28:993] <3218> UseNetCancel:true
INFO	[2014-03-18 07:39:28:994] <3218> Type:Cancel
INFO	[2014-03-18 07:39:28:994] <3218> RecvLen:7
INFO	[2014-03-18 07:39:28:994] <3218> UserIp:127.0.0.1
INFO	[2014-03-18 07:39:28:994] <3218> StoreId:atgshop
INFO	[2014-03-18 07:39:28:994] <3218> OrdNo:373edc3ad43b832b2d1ae37d4dbd8f46
INFO	[2014-03-18 07:39:28:994] <3218> Amt:1000
INFO	[2014-03-18 07:39:28:994] <3218> ProdNm:일시 후원
INFO	[2014-03-18 07:39:28:994] <3218> MallUrl:http://local.workerssolidarity.org
INFO	[2014-03-18 07:39:28:994] <3218> UserEmail:(입력 안함)
INFO	[2014-03-18 07:39:28:994] <3218> UserId:(입력 안함)
INFO	[2014-03-18 07:39:28:995] <3218> OrdNm:(입력 안함)
INFO	[2014-03-18 07:39:28:995] <3218> OrdPhone:(입력 안함)
INFO	[2014-03-18 07:39:28:995] <3218> OrdAddr:(입력 안함)
INFO	[2014-03-18 07:39:28:995] <3218> RcpNm:(입력 안함)
INFO	[2014-03-18 07:39:28:995] <3218> RcpPhone:(입력 안함)
INFO	[2014-03-18 07:39:28:995] <3218> DlvAddr:(입력 안함)
INFO	[2014-03-18 07:39:28:995] <3218> Remark:
INFO	[2014-03-18 07:39:28:995] <3218> HP_ID:9010S13166
INFO	[2014-03-18 07:39:28:996] <3218> HP_SUBID:S0CRE00371
INFO	[2014-03-18 07:39:28:996] <3218> HP_UNITType:2
INFO	[2014-03-18 07:39:28:996] <3218> MallPage:N/A
INFO	[2014-03-18 07:39:28:996] <3218> VIRTUAL_DEPODT:
INFO	[2014-03-18 07:39:28:996] <3218> AuthTy:hp
INFO	[2014-03-18 07:39:28:996] <3218> SubTy:EReport
INFO	[2014-03-18 07:39:28:996] <3218> DeviId:9000400001
INFO	[2014-03-18 07:39:28:996] <3218> AuthYn:N;221.146.166.61
INFO	[2014-03-18 07:39:28:996] <3218> Instmt:
INFO	[2014-03-18 07:39:28:996] <3218> partial_mm:
INFO	[2014-03-18 07:39:28:996] <3218> noIntMonth:
INFO	[2014-03-18 07:39:28:996] <3218> KVP_CURRENCY:WON
INFO	[2014-03-18 07:39:28:997] <3218> KVP_CARDCODE:
INFO	[2014-03-18 07:39:28:997] <3218> KVP_SESSIONKEY:
INFO	[2014-03-18 07:39:28:997] <3218> KVP_ENCDATA:
INFO	[2014-03-18 07:39:28:997] <3218> KVP_CONAME:
INFO	[2014-03-18 07:39:28:997] <3218> KVP_NOINT:
INFO	[2014-03-18 07:39:28:997] <3218> KVP_QUOTA:
INFO	[2014-03-18 07:39:28:997] <3218> CardNo:
INFO	[2014-03-18 07:39:28:997] <3218> MPI_CAVV:
INFO	[2014-03-18 07:39:28:997] <3218> MPI_ECI:
INFO	[2014-03-18 07:39:28:997] <3218> MPI_MD64:
INFO	[2014-03-18 07:39:28:997] <3218> ExpMon:
INFO	[2014-03-18 07:39:28:998] <3218> ExpYear:
INFO	[2014-03-18 07:39:28:998] <3218> Passwd:
INFO	[2014-03-18 07:39:28:998] <3218> SocId:
INFO	[2014-03-18 07:39:28:998] <3218> ICHE_OUTBANKNAME:
INFO	[2014-03-18 07:39:28:998] <3218> ICHE_OUTACCTNO:
INFO	[2014-03-18 07:39:28:998] <3218> ICHE_OUTBANKMASTER:
INFO	[2014-03-18 07:39:28:998] <3218> ICHE_AMOUNT:
INFO	[2014-03-18 07:39:28:998] <3218> HP_SERVERINFO:23fe996914129add1a6eeb4f117143f198c6d17bab6dfe0548c0f543c0843f0030ada1e1e60306803825175acb1d8420f32cb181ba7c1b6c88c3980a52f9b0be
INFO	[2014-03-18 07:39:28:998] <3218> HP_HANDPHONE:01047894202
INFO	[2014-03-18 07:39:28:998] <3218> HP_COMPANY:SKT
INFO	[2014-03-18 07:39:28:998] <3218> HP_IDEN:8810041853421
INFO	[2014-03-18 07:39:28:999] <3218> HP_IPADDR:10.0.2.15;N
INFO	[2014-03-18 07:39:28:999] <3218> ARS_PHONE:
INFO	[2014-03-18 07:39:28:999] <3218> ARS_NAME:
INFO	[2014-03-18 07:39:28:999] <3218> ZuminCode:
INFO	[2014-03-18 07:39:28:999] <3218> VIRTUAL_CENTERCD:99
INFO	[2014-03-18 07:39:28:999] <3218> VIRTUAL_NO:
INFO	[2014-03-18 07:39:28:999] <3218> ES_SENDNO:
INFO	[2014-03-18 07:39:28:999] <3218> ICHE_SOCKETYN:Y
INFO	[2014-03-18 07:39:28:999] <3218> ICHE_POSMTID:
INFO	[2014-03-18 07:39:28:999] <3218> ICHE_FNBCMTID:
INFO	[2014-03-18 07:39:29:0] <3218> ICHE_APTRTS:
INFO	[2014-03-18 07:39:29:0] <3218> ICHE_REMARK1:
INFO	[2014-03-18 07:39:29:0] <3218> ICHE_REMARK2:
INFO	[2014-03-18 07:39:29:0] <3218> ICHE_ECWYN:
INFO	[2014-03-18 07:39:29:0] <3218> ICHE_ECWID:
INFO	[2014-03-18 07:39:29:0] <3218> ICHE_ECWAMT1:
INFO	[2014-03-18 07:39:29:0] <3218> ICHE_ECWAMT2:
INFO	[2014-03-18 07:39:29:0] <3218> ICHE_CASHYN:N
INFO	[2014-03-18 07:39:29:0] <3218> ICHE_CASHGUBUN_CD:
INFO	[2014-03-18 07:39:29:0] <3218> ICHE_CASHID_NO:
INFO	[2014-03-18 07:39:29:0] <3218> ICHEARS_SOCKETYN:Y
INFO	[2014-03-18 07:39:29:1] <3218> ICHEARS_ADMNO:
INFO	[2014-03-18 07:39:29:1] <3218> ICHEARS_POSMTID:
INFO	[2014-03-18 07:39:29:1] <3218> ICHEARS_CENTERCD:
INFO	[2014-03-18 07:39:29:1] <3218> ICHEARS_HPNO:
INFO	[2014-03-18 07:39:29:1] <3218> StrSubTy:Bill
INFO	[2014-03-18 07:39:29:1] <3218> CancelMsg:DB FAIL
WARN	[2014-03-18 07:39:29:1] <3218> hp-EReport Cancel Start
WARN	[2014-03-18 07:39:29:1] <3218> Cancel Reason : DB FAIL
INFO	[2014-03-18 07:39:29:1] <3218> Make Cancel Msg Start
INFO	[2014-03-18 07:39:29:2] <3218> hp Make Cancel MSG OK 
INFO	[2014-03-18 07:39:29:2] <3218> Make Cancel Msg End
INFO	[2014-03-18 07:39:29:2] <3218> Send & Recv Msg Start
INFO	[2014-03-18 07:39:29:2] <3218> Send Data To PG Start [ 
INFO	[2014-03-18 07:39:29:2] <3218> 0:000061HMobileCanReq
INFO	[2014-03-18 07:39:29:2] <3218> 1:atgshop
INFO	[2014-03-18 07:39:29:2] <3218> 2:AEGIS_HPP_atgshop_20140318073928373324
INFO	[2014-03-18 07:39:29:2] <3218> 3:
INFO	[2014-03-18 07:39:29:2] <3218> ] Send Data To PG End 
INFO	[2014-03-18 07:39:29:2] <3218> SendMsg : [000061HMobileCanReq|atgshop|AEGIS_HPP_atgshop_20140318073928373324|]
INFO	[2014-03-18 07:39:29:2] <3218> Connect IP:[220.85.12.3] Port:[29760]
INFO	[2014-03-18 07:39:29:6] <3218> Socket Open OK
INFO	[2014-03-18 07:39:29:798] <3218> RecvMsg Length : [000056]
INFO	[2014-03-18 07:39:29:798] <3218> RecvMsg : [MobileCanRes|atgshop|y||201403181639|031816390540286210|]
INFO	[2014-03-18 07:39:29:799] <3218> Socket Close OK
INFO	[2014-03-18 07:39:29:799] <3218> RecvMsg Length Check OK
INFO	[2014-03-18 07:39:29:799] <3218> Send & Recv Msg End
INFO	[2014-03-18 07:39:29:799] <3218> Parse Cancel Msg Start
INFO	[2014-03-18 07:39:29:799] <3218> Parse Cancel Msg End
WARN	[2014-03-18 07:39:29:799] <3218> Cancel Success
WARN	[2014-03-18 07:39:29:799] <3218> hp-EReport Cancel End
WARN	[2014-03-18 07:39:29:799] <3218> hp Cancel Result Value [
INFO	[2014-03-18 07:39:29:800] <3218> NetCancID:AEGIS_HPP_atgshop_20140318073928373324
INFO	[2014-03-18 07:39:29:800] <3218> rStoreId:atgshop
INFO	[2014-03-18 07:39:29:800] <3218> rSuccYn:n
INFO	[2014-03-18 07:39:29:800] <3218> rResMsg:DB FAIL
INFO	[2014-03-18 07:39:29:800] <3218> rHP_DATE:20140318163900
INFO	[2014-03-18 07:39:29:800] <3218> rHP_TID:031816390540286210
INFO	[2014-03-18 07:39:29:800] <3218> rAmt:1000
INFO	[2014-03-18 07:39:29:800] <3218> rOrdNo:373edc3ad43b832b2d1ae37d4dbd8f46
INFO	[2014-03-18 07:39:29:800] <3218> rProdNm:일시 후원
INFO	[2014-03-18 07:39:29:800] <3218> rCancelSuccYn:y
INFO	[2014-03-18 07:39:29:800] <3218> rCancelResMsg:
INFO	[2014-03-18 07:39:29:801] <3218> rCancelDate:201403181639
INFO	[2014-03-18 07:39:29:801] <3218> rTid:031816390540286210
WARN	[2014-03-18 07:39:29:801] <3218> ]
WARN	[2014-03-18 07:39:29:801] <3218> hp Cancel  Success End
INFO	[2014-03-18 07:39:29:801] <3218> END Cancel  Transaction time:[0.809sec]
INFO	[2014-03-18 07:39:29:801] <3218> ===============================================================
